<?xml version="1.0" encoding="UTF-8"?>
<!-- Generated by org.testng.reporters.JUnitReportReporter -->
<testsuite hostname="DESKTOP-13SUBF4" name="TestCases.Login" tests="2" failures="0" timestamp="9 Feb 2016 21:17:18 GMT" time="29.340" errors="0">
  <testcase name="SearchBox" time="1.372" classname="TestCases.Login"/>
  <testcase name="Login" time="27.968" classname="TestCases.Login"/>
</testsuite> <!-- TestCases.Login -->
