<?xml version="1.0" encoding="UTF-8"?>
<!-- Generated by org.testng.reporters.JUnitReportReporter -->
<testsuite hostname="DESKTOP-13SUBF4" name="TestCases.Login" tests="1" failures="0" timestamp="9 Feb 2016 20:40:05 GMT" time="34.429" errors="0">
  <testcase name="Login" time="34.429" classname="TestCases.Login"/>
</testsuite> <!-- TestCases.Login -->
