<?xml version="1.0" encoding="UTF-8"?>
<!-- Generated by org.testng.reporters.JUnitReportReporter -->
<testsuite hostname="DESKTOP-13SUBF4" name="TestCases.Login" tests="2" failures="0" timestamp="9 Feb 2016 23:31:42 GMT" time="28.916" errors="0">
  <testcase name="SearchBox" time="17.683" classname="TestCases.Login"/>
  <testcase name="Login" time="11.233" classname="TestCases.Login"/>
</testsuite> <!-- TestCases.Login -->
