<?xml version="1.0" encoding="UTF-8"?>
<!-- Generated by org.testng.reporters.JUnitReportReporter -->
<testsuite hostname="DESKTOP-13SUBF4" name="TestCases.Login" tests="1" failures="0" timestamp="9 Feb 2016 18:41:44 GMT" time="28.968" errors="0">
  <testcase name="Login" time="28.968" classname="TestCases.Login"/>
</testsuite> <!-- TestCases.Login -->
