<?xml version="1.0" encoding="UTF-8"?>
<!-- Generated by org.testng.reporters.JUnitReportReporter -->
<testsuite hostname="DESKTOP-13SUBF4" name="TestCases.AmazonTest" tests="2" failures="0" timestamp="10 Feb 2016 13:53:11 GMT" time="27.509" errors="0">
  <testcase name="Login" time="9.422" classname="TestCases.AmazonTest"/>
  <testcase name="SearchBox" time="18.087" classname="TestCases.AmazonTest"/>
</testsuite> <!-- TestCases.AmazonTest -->
